app/build/intermediates/manifest_merge_blame_file/release/manifest-merger-blame-release-report.txt
1<?xml version="1.0" encoding="utf-8"?>
2<manifest xmlns:android="http://schemas.android.com/apk/res/android"
3    package="com.example.journeyplanner"
4    android:versionCode="1"
5    android:versionName="1.0" >
6
7    <uses-sdk
8        android:minSdkVersion="19"
8-->src\main\AndroidManifest.xml
9        android:targetSdkVersion="28" />
9-->src\main\AndroidManifest.xml
10
11    <uses-permission android:name="android.permission.INTERNET" />
11-->src\main\AndroidManifest.xml:4:5-66
11-->src\main\AndroidManifest.xml:4:22-64
12    <uses-permission android:name="android.permission.READ_EXTERNAL_STORAGE" />
12-->src\main\AndroidManifest.xml:6:5-79
12-->src\main\AndroidManifest.xml:6:22-77
13    <uses-permission android:name="android.permission.WRITE_EXTERNAL_STORAGE" />
13-->src\main\AndroidManifest.xml:8:5-80
13-->src\main\AndroidManifest.xml:8:22-78
14    <uses-permission android:name="android.permission.ACCESS_FINE_LOCATION" />
14-->src\main\AndroidManifest.xml:10:5-78
14-->src\main\AndroidManifest.xml:10:22-76
15    <uses-permission android:name="android.permission.ACCESS_WIFI_STATE" />
15-->src\main\AndroidManifest.xml:12:5-75
15-->src\main\AndroidManifest.xml:12:22-73
16    <uses-permission android:name="android.permission.ACCESS_NETWORK_STATE" />
16-->src\main\AndroidManifest.xml:14:5-78
16-->src\main\AndroidManifest.xml:14:22-76
17
18    <supports-screens
18-->[org.osmdroid:osmdroid-android:5.6.5] AndroidManifest.xml:11:5-14:40
19        android:anyDensity="true"
19-->[org.osmdroid:osmdroid-android:5.6.5] AndroidManifest.xml:12:9-34
20        android:largeScreens="true"
20-->[org.osmdroid:osmdroid-android:5.6.5] AndroidManifest.xml:13:9-36
21        android:normalScreens="true" />
21-->[org.osmdroid:osmdroid-android:5.6.5] AndroidManifest.xml:14:9-37
22
23    <uses-permission android:name="android.permission.ACCESS_COARSE_LOCATION" />
23-->[org.osmdroid:osmdroid-android:5.6.5] AndroidManifest.xml:17:5-81
23-->[org.osmdroid:osmdroid-android:5.6.5] AndroidManifest.xml:17:22-78
24
25    <uses-feature
25-->[org.osmdroid:osmdroid-android:5.6.5] AndroidManifest.xml:24:5-26:36
26        android:name="android.hardware.location.network"
26-->[org.osmdroid:osmdroid-android:5.6.5] AndroidManifest.xml:25:9-57
27        android:required="false" />
27-->[org.osmdroid:osmdroid-android:5.6.5] AndroidManifest.xml:26:9-33
28    <uses-feature
28-->[org.osmdroid:osmdroid-android:5.6.5] AndroidManifest.xml:27:5-29:36
29        android:name="android.hardware.location.gps"
29-->[org.osmdroid:osmdroid-android:5.6.5] AndroidManifest.xml:28:9-53
30        android:required="false" />
30-->[org.osmdroid:osmdroid-android:5.6.5] AndroidManifest.xml:29:9-33
31    <uses-feature
31-->[org.osmdroid:osmdroid-android:5.6.5] AndroidManifest.xml:30:5-32:36
32        android:name="android.hardware.telephony"
32-->[org.osmdroid:osmdroid-android:5.6.5] AndroidManifest.xml:31:9-50
33        android:required="false" />
33-->[org.osmdroid:osmdroid-android:5.6.5] AndroidManifest.xml:32:9-33
34    <uses-feature
34-->[org.osmdroid:osmdroid-android:5.6.5] AndroidManifest.xml:33:5-35:36
35        android:name="android.hardware.wifi"
35-->[org.osmdroid:osmdroid-android:5.6.5] AndroidManifest.xml:34:9-45
36        android:required="false" />
36-->[org.osmdroid:osmdroid-android:5.6.5] AndroidManifest.xml:35:9-33
37
38    <application
38-->src\main\AndroidManifest.xml:16:5-31:19
39        android:allowBackup="true"
39-->src\main\AndroidManifest.xml:17:9-35
40        android:appComponentFactory="androidx.core.app.CoreComponentFactory"
40-->[androidx.core:core:1.0.0] AndroidManifest.xml:22:18-86
41        android:icon="@mipmap/ic_launcher"
41-->src\main\AndroidManifest.xml:18:9-43
42        android:label="@string/app_name"
42-->src\main\AndroidManifest.xml:19:9-41
43        android:roundIcon="@mipmap/ic_launcher_round"
43-->src\main\AndroidManifest.xml:20:9-54
44        android:supportsRtl="true"
44-->src\main\AndroidManifest.xml:21:9-35
45        android:theme="@style/AppTheme"
45-->src\main\AndroidManifest.xml:22:9-40
46        android:usesCleartextTraffic="true" >
46-->src\main\AndroidManifest.xml:23:9-44
47        <activity android:name="com.example.journeyplanner.MainActivity" >
47-->src\main\AndroidManifest.xml:24:9-30:20
47-->src\main\AndroidManifest.xml:24:20-48
48            <intent-filter>
48-->src\main\AndroidManifest.xml:25:13-29:29
49                <action android:name="android.intent.action.MAIN" />
49-->src\main\AndroidManifest.xml:26:17-69
49-->src\main\AndroidManifest.xml:26:25-66
50
51                <category android:name="android.intent.category.LAUNCHER" />
51-->src\main\AndroidManifest.xml:28:17-77
51-->src\main\AndroidManifest.xml:28:27-74
52            </intent-filter>
53        </activity>
54    </application>
55
56</manifest>